<?xml version="1.0" encoding="UTF-8"?>
<!-- Generated by org.testng.reporters.JUnitReportReporter -->
<testsuite hostname="DESKTOP-LD2GPJV" failures="0" tests="2" name="DynamicXpath.FetchDataFromxcelUsingMapTest" time="0.110" errors="0" timestamp="2023-07-25T07:52:49 IST" skipped="0">
  <testcase classname="DynamicXpath.FetchDataFromxcelUsingMapTest" name="fetchdata" time="0.109"/>
  <system-out/>
  <testcase classname="DynamicXpath.FetchDataFromxcelUsingMapTest" name="tc" time="0.001"/>
  <system-out/>
</testsuite> <!-- DynamicXpath.FetchDataFromxcelUsingMapTest -->
