<?xml version="1.0" encoding="UTF-8"?>
<!-- Generated by org.testng.reporters.JUnitReportReporter -->
<testsuite hostname="DESKTOP-LD2GPJV" failures="0" tests="1" name="DynamicXpath.FetchallLinksAndWriteintoXcelsheetTest" time="12.829" errors="0" timestamp="2023-07-25T07:52:49 IST" skipped="0">
  <testcase classname="DynamicXpath.FetchallLinksAndWriteintoXcelsheetTest" name="FetchLink" time="12.829"/>
  <system-out/>
</testsuite> <!-- DynamicXpath.FetchallLinksAndWriteintoXcelsheetTest -->
