<?xml version="1.0" encoding="UTF-8"?>
<!-- Generated by org.testng.reporters.JUnitReportReporter -->
<testsuite hostname="DESKTOP-LD2GPJV" failures="0" tests="1" name="DynamicXpath.FetchAllMobileNamealongWithPriceAmzonTest" time="11.319" errors="0" timestamp="2023-07-25T08:47:32 IST" skipped="0">
  <testcase classname="DynamicXpath.FetchAllMobileNamealongWithPriceAmzonTest" name="Mobilenameprice" time="11.319"/>
  <system-out/>
</testsuite> <!-- DynamicXpath.FetchAllMobileNamealongWithPriceAmzonTest -->
