<?xml version="1.0" encoding="UTF-8"?>
<!-- Generated by org.testng.reporters.JUnitReportReporter -->
<testsuite hostname="DESKTOP-LD2GPJV" failures="0" tests="1" name="QspiderNumberPgmFactoFibonacPrimeNumber.Swap2Numberswithusing3rdVariable" time="0.002" errors="0" timestamp="2023-07-21T23:56:16 IST" skipped="0">
  <testcase classname="QspiderNumberPgmFactoFibonacPrimeNumber.Swap2Numberswithusing3rdVariable" name="swapnumbers" time="0.002"/>
  <system-out/>
</testsuite> <!-- QspiderNumberPgmFactoFibonacPrimeNumber.Swap2Numberswithusing3rdVariable -->
