<?xml version="1.0" encoding="UTF-8"?>
<!-- Generated by org.testng.reporters.JUnitReportReporter -->
<testsuite hostname="DESKTOP-LD2GPJV" failures="0" tests="1" name="QspiderNumberPgmFactoFibonacPrimeNumber.Swap2NumbersWithoutUsing3rdVariable" time="0.009" errors="0" timestamp="2023-07-21T23:56:16 IST" skipped="0">
  <testcase classname="QspiderNumberPgmFactoFibonacPrimeNumber.Swap2NumbersWithoutUsing3rdVariable" name="swapwithout3rdvariable" time="0.009"/>
  <system-out/>
</testsuite> <!-- QspiderNumberPgmFactoFibonacPrimeNumber.Swap2NumbersWithoutUsing3rdVariable -->
