<?xml version="1.0" encoding="UTF-8"?>
<!-- Generated by org.testng.reporters.JUnitReportReporter -->
<testsuite hostname="DESKTOP-LD2GPJV" failures="0" tests="1" name="lifeinsurancesystem_payments.LogintoappandaddpaymentTest" time="10.322" errors="0" timestamp="2023-06-29T12:18:58 IST" skipped="0">
  <testcase classname="lifeinsurancesystem_payments.LogintoappandaddpaymentTest" name="addpayment" time="10.322"/>
  <system-out/>
</testsuite> <!-- lifeinsurancesystem_payments.LogintoappandaddpaymentTest -->
