<?xml version="1.0" encoding="UTF-8"?>
<!-- Generated by org.testng.reporters.JUnitReportReporter -->
<testsuite hostname="DESKTOP-LD2GPJV" failures="0" tests="3" name="practice.Practicetestng" time="0.008" errors="0" timestamp="2023-07-06T22:43:48 IST" skipped="0">
  <testcase classname="practice.Practicetestng" name="ctc7" time="0.001"/>
  <system-out/>
  <testcase classname="practice.Practicetestng" name="atc5" time="0.005"/>
  <system-out/>
  <testcase classname="practice.Practicetestng" name="btc6" time="0.002"/>
  <system-out/>
</testsuite> <!-- practice.Practicetestng -->
