<?xml version="1.0" encoding="UTF-8"?>
<!-- Generated by org.testng.reporters.JUnitReportReporter -->
<testsuite hostname="DESKTOP-LD2GPJV" failures="0" tests="1" name="lifeinsurancesystem_payments.AddpaymentandverifyTest" time="12.052" errors="0" timestamp="2023-07-11T10:16:21 IST" skipped="0">
  <testcase classname="lifeinsurancesystem_payments.AddpaymentandverifyTest" name="addpayment" time="12.052"/>
  <system-out>
    <![CDATA[New Payment ADDED  Payment added sucessfully Verified---->Pass
1689050747_908229114  payment Receipt number Veifyied &  is Present---->Pass]]>
  </system-out>
</testsuite> <!-- lifeinsurancesystem_payments.AddpaymentandverifyTest -->
