<?xml version="1.0" encoding="UTF-8"?>
<!-- Generated by org.testng.reporters.JUnitReportReporter -->
<testsuite hostname="DESKTOP-LD2GPJV" failures="0" tests="3" name="practice.DataProviderTest" time="0.008" errors="0" timestamp="2023-07-10T14:38:53 IST" skipped="0">
  <testcase classname="practice.DataProviderTest" name="getBookDetails" time="0.006"/>
  <system-out/>
  <testcase classname="practice.DataProviderTest" name="getBookDetails" time="0.001"/>
  <system-out/>
  <testcase classname="practice.DataProviderTest" name="getBookDetails" time="0.001"/>
  <system-out/>
</testsuite> <!-- practice.DataProviderTest -->
