<?xml version="1.0" encoding="UTF-8"?>
<!-- Generated by org.testng.reporters.JUnitReportReporter -->
<testsuite hostname="DESKTOP-LD2GPJV" failures="0" tests="1" name="lifeinsurancesystem_payments.LogintoappverifyallpageTest" time="2.352" errors="0" timestamp="2023-07-06T11:11:26 IST" skipped="0">
  <testcase classname="lifeinsurancesystem_payments.LogintoappverifyallpageTest" name="verifyallpage" time="2.352"/>
  <system-out/>
</testsuite> <!-- lifeinsurancesystem_payments.LogintoappverifyallpageTest -->
