<?xml version="1.0" encoding="UTF-8"?>
<!-- Generated by org.testng.reporters.JUnitReportReporter -->
<testsuite hostname="DESKTOP-LD2GPJV" failures="0" tests="1" name="lifeinsurancesystem_payments.LogintoappaddpaymentlogoutTest" time="4.925" errors="0" timestamp="2023-07-11T10:06:19 IST" skipped="0">
  <testcase classname="lifeinsurancesystem_payments.LogintoappaddpaymentlogoutTest" name="addpayment" time="4.925"/>
  <system-out>
    <![CDATA[New Payment ADDED  Payment is added successfully Verified---->Pass]]>
  </system-out>
</testsuite> <!-- lifeinsurancesystem_payments.LogintoappaddpaymentlogoutTest -->
