<?xml version="1.0" encoding="UTF-8"?>
<!-- Generated by org.testng.reporters.JUnitReportReporter -->
<testsuite hostname="DESKTOP-LD2GPJV" failures="0" tests="3" name="practice.DataProvider" time="0.008" errors="0" timestamp="2023-07-11T00:48:59 IST" skipped="0">
  <testcase classname="practice.DataProvider" name="getBookDetails" time="0.006"/>
  <system-out/>
  <testcase classname="practice.DataProvider" name="getBookDetails" time="0.001"/>
  <system-out/>
  <testcase classname="practice.DataProvider" name="getBookDetails" time="0.001"/>
  <system-out/>
</testsuite> <!-- practice.DataProvider -->
