<?xml version="1.0" encoding="UTF-8"?>
<!-- Generated by org.testng.reporters.JUnitReportReporter -->
<testsuite hostname="DESKTOP-LD2GPJV" failures="0" tests="1" name="lifeinsurancesystem_payments.EditpaymentTest" time="7.765" errors="0" timestamp="2023-07-11T10:05:59 IST" skipped="0">
  <testcase classname="lifeinsurancesystem_payments.EditpaymentTest" name="Editpayment" time="7.765"/>
  <system-out>
    <![CDATA[UPDATE PAYMENT
Add Payment
New record updated successfully  Payment is updated Successfully Verified----->Pass
3000  Edited Payment is Verified and is displayed----->Pass]]>
  </system-out>
</testsuite> <!-- lifeinsurancesystem_payments.EditpaymentTest -->
