<?xml version="1.0" encoding="UTF-8"?>
<!-- Generated by org.testng.reporters.JUnitReportReporter -->
<testsuite hostname="DESKTOP-LD2GPJV" failures="0" tests="1" name="practice.xceldataprovider" time="1.547" errors="0" timestamp="2023-07-06T15:06:08 IST" skipped="0">
  <testcase classname="practice.xceldataprovider" name="data" time="1.547"/>
  <system-out/>
</testsuite> <!-- practice.xceldataprovider -->
