<?xml version="1.0" encoding="UTF-8"?>
<!-- Generated by org.testng.reporters.JUnitReportReporter -->
<testsuite hostname="DESKTOP-LD2GPJV" failures="0" tests="1" name="lifeinsurancesystem_payments.CreatenomineeandverifyTest" time="9.553" errors="0" timestamp="2023-07-11T10:05:40 IST" skipped="0">
  <testcase classname="lifeinsurancesystem_payments.CreatenomineeandverifyTest" name="addnominee" time="9.553"/>
  <system-out>
    <![CDATA[New Nominee ADDED  Nominee is added Successfully Verified----->Pass
1689050109-1991701667  Nominee id is Verified & is  Displayed in nominee table----->Pass]]>
  </system-out>
</testsuite> <!-- lifeinsurancesystem_payments.CreatenomineeandverifyTest -->
